Запуск -> 31.08.2023 03:36
CLOSE [ 31.08.2023 03:38 ] -> This is program stopping
Запуск -> 31.08.2023 03:38
CLOSE [ 31.08.2023 03:38 ] -> This is program stopping
Запуск -> 31.08.2023 03:38
CLOSE [ 31.08.2023 03:39 ] -> This is program stopping
Запуск -> 31.08.2023 03:39
CLOSE [ 31.08.2023 03:39 ] -> This is program stopping
Запуск -> 31.08.2023 03:39
CLOSE [ 31.08.2023 03:39 ] -> This is program stopping
Запуск -> 31.08.2023 03:39
CLOSE [ 31.08.2023 03:39 ] -> This is program stopping
Запуск -> 31.08.2023 03:40
CLOSE [ 31.08.2023 03:40 ] -> This is program stopping
Запуск -> 31.08.2023 03:40
CLOSE [ 31.08.2023 03:40 ] -> This is program stopping
Запуск -> 31.08.2023 03:40
CLOSE [ 31.08.2023 03:46 ] -> This is program stopping
Запуск -> 31.08.2023 03:46
ERROR [ 31.08.2023 03:46 ] -> Error: ENOENT: no such file or directory, open '/home/kotik9821/Desktop/index/core/db/db/db.json'
close code -> 1
Запуск -> 31.08.2023 03:46
CLOSE [ 31.08.2023 03:47 ] -> This is program stopping
Запуск -> 31.08.2023 03:47
ERROR [ 31.08.2023 03:47 ] -> TypeError: read is not a function
    at /home/kotik9821/Desktop/index/index.js:6:22
    at Object.<anonymous> (/home/kotik9821/Desktop/index/index.js:11:3)
    at Module._compile (node:internal/modules/cjs/loader:1233:14)
    at Module._extensions..js (node:internal/modules/cjs/loader:1287:10)
    at Module.load (node:internal/modules/cjs/loader:1091:32)
    at Module._load (node:internal/modules/cjs/loader:938:12)
    at Function.executeUserEntryPoint [as runMain] (node:internal/modules/run_main:83:12)
    at node:internal/main/run_main_module:23:47
close code -> 1
Запуск -> 31.08.2023 03:47
ERROR [ 31.08.2023 03:47 ] -> Error: ENOENT: no such file or directory, open '/home/kotik9821/Desktop/index/core/db/db/db.json'
close code -> 1
Запуск -> 31.08.2023 03:48
CLOSE [ 31.08.2023 03:48 ] -> This is program stopping
Запуск -> 31.08.2023 03:48
CLOSE [ 31.08.2023 03:50 ] -> This is program stopping
Запуск -> 31.08.2023 03:50
CLOSE [ 31.08.2023 03:50 ] -> This is program stopping
